SF:lib/core/services/storage/flutter_secure_storage_service_impl.dart
DA:9,1
DA:12,1
DA:14,2
DA:16,2
DA:20,1
DA:22,2
DA:28,2
DA:31,1
DA:33,2
LF:9
LH:9
end_of_record
SF:lib/data/models/user.dart
DA:2,3
DA:4,6
DA:6,1
DA:7,1
DA:9,1
DA:10,2
DA:15,4
DA:17,2
DA:20,14
DA:22,0
DA:23,0
LF:11
LH:9
end_of_record
SF:lib/data/models/api_error_model.dart
DA:2,2
DA:8,2
DA:9,1
DA:10,1
DA:11,3
DA:18,1
DA:21,1
DA:22,3
DA:23,3
DA:24,3
DA:26,0
DA:27,0
LF:12
LH:10
end_of_record
SF:lib/data/models/suggestion_model.dart
DA:2,2
DA:10,1
DA:11,1
DA:12,1
DA:13,1
DA:14,1
DA:15,1
DA:16,1
DA:25,2
DA:28,1
DA:29,3
DA:30,3
DA:31,3
DA:32,3
DA:33,3
DA:34,3
DA:36,0
DA:38,0
DA:39,0
DA:40,0
DA:41,0
DA:42,0
LF:22
LH:16
end_of_record
SF:lib/data/models/vehicle_model.dart
DA:2,2
DA:21,2
DA:22,1
DA:23,1
DA:24,3
DA:25,3
DA:26,3
DA:27,3
DA:28,1
DA:29,1
DA:30,1
DA:31,1
DA:32,1
DA:33,1
DA:34,1
DA:36,3
DA:37,1
DA:38,1
DA:58,2
DA:61,1
DA:62,3
DA:63,3
DA:64,3
DA:65,3
DA:66,3
DA:67,3
DA:68,3
DA:69,3
DA:70,3
DA:71,3
DA:72,3
DA:73,3
DA:74,3
DA:75,3
DA:76,3
DA:77,3
DA:78,3
DA:80,0
DA:82,0
DA:83,0
DA:84,0
DA:85,0
DA:86,0
DA:87,0
DA:88,0
DA:89,0
DA:90,0
DA:91,0
DA:92,0
DA:93,0
DA:94,0
DA:95,0
DA:96,0
DA:97,0
LF:54
LH:37
end_of_record
SF:lib/data/repositories/vehicle/vehicle_response.dart
DA:8,2
DA:13,2
DA:18,2
LF:3
LH:3
end_of_record
SF:lib/data/repositories/vehicle/vehicle_repository_impl.dart
DA:11,1
DA:15,1
DA:17,3
DA:19,1
DA:20,1
DA:21,2
DA:22,2
DA:24,1
DA:25,2
DA:26,1
DA:27,4
DA:31,2
DA:32,2
LF:13
LH:13
end_of_record
SF:lib/presenter/home/home_controller.dart
DA:9,1
DA:20,1
DA:21,1
DA:22,4
DA:23,4
DA:27,1
DA:30,1
DA:31,2
DA:32,2
DA:35,2
DA:38,1
DA:39,3
DA:40,3
DA:42,1
DA:43,2
DA:44,5
DA:45,2
DA:47,1
DA:48,4
DA:52,2
DA:54,2
DA:58,1
DA:59,3
DA:60,1
DA:63,3
DA:65,1
DA:66,2
DA:67,2
DA:68,2
DA:69,2
LF:30
LH:30
end_of_record
SF:lib/presenter/auth/auth_controller.dart
DA:5,1
DA:12,1
DA:13,2
DA:21,1
DA:22,2
DA:23,2
DA:26,2
DA:27,2
DA:30,2
DA:33,3
DA:35,2
DA:41,1
DA:42,2
DA:43,2
LF:14
LH:14
end_of_record
SF:lib/data/repositories/auth/auth_repository_impl.dart
DA:6,1
DA:11,1
DA:13,2
DA:21,1
DA:23,1
DA:25,2
DA:29,1
DA:30,2
LF:8
LH:8
end_of_record
